[2016-12-03 12:25:09,674][DEBUG][action.admin.indices.stats] [Araki] [indices:monitor/stats] failed to execute operation for shard [[brainsearch][1], node[n4bIbS2YSOmtEF_YncnTxw], [P], v[2], s[STARTED], a[id=u4DZJ2VFSqyiyHwTcBxpag]]
ElasticsearchException[failed to refresh store stats]; nested: NoSuchFileException[/home/Benson/Dropbox/Startup_Coding/SixNexus/ElasticSearch/elasticsearch-2.4.0/data/elasticsearch/nodes/0/indices/brainsearch/1/index];
	at org.elasticsearch.index.store.Store$StoreStatsCache.refresh(Store.java:1532)
	at org.elasticsearch.index.store.Store$StoreStatsCache.refresh(Store.java:1517)
	at org.elasticsearch.common.util.SingleObjectCache.getOrRefresh(SingleObjectCache.java:55)
	at org.elasticsearch.index.store.Store.stats(Store.java:293)
	at org.elasticsearch.index.shard.IndexShard.storeStats(IndexShard.java:702)
	at org.elasticsearch.action.admin.indices.stats.CommonStats.<init>(CommonStats.java:134)
	at org.elasticsearch.action.admin.indices.stats.TransportIndicesStatsAction.shardOperation(TransportIndicesStatsAction.java:165)
	at org.elasticsearch.action.admin.indices.stats.TransportIndicesStatsAction.shardOperation(TransportIndicesStatsAction.java:47)
	at org.elasticsearch.action.support.broadcast.node.TransportBroadcastByNodeAction$BroadcastByNodeTransportRequestHandler.onShardOperation(TransportBroadcastByNodeAction.java:436)
	at org.elasticsearch.action.support.broadcast.node.TransportBroadcastByNodeAction$BroadcastByNodeTransportRequestHandler.messageReceived(TransportBroadcastByNodeAction.java:415)
	at org.elasticsearch.action.support.broadcast.node.TransportBroadcastByNodeAction$BroadcastByNodeTransportRequestHandler.messageReceived(TransportBroadcastByNodeAction.java:402)
	at org.elasticsearch.transport.TransportRequestHandler.messageReceived(TransportRequestHandler.java:33)
	at org.elasticsearch.transport.RequestHandlerRegistry.processMessageReceived(RequestHandlerRegistry.java:77)
	at org.elasticsearch.transport.TransportService$4.doRun(TransportService.java:376)
	at org.elasticsearch.common.util.concurrent.AbstractRunnable.run(AbstractRunnable.java:37)
	at java.util.concurrent.ThreadPoolExecutor.runWorker(ThreadPoolExecutor.java:1142)
	at java.util.concurrent.ThreadPoolExecutor$Worker.run(ThreadPoolExecutor.java:617)
	at java.lang.Thread.run(Thread.java:745)
Caused by: java.nio.file.NoSuchFileException: /home/Benson/Dropbox/Startup_Coding/SixNexus/ElasticSearch/elasticsearch-2.4.0/data/elasticsearch/nodes/0/indices/brainsearch/1/index
	at sun.nio.fs.UnixException.translateToIOException(UnixException.java:86)
	at sun.nio.fs.UnixException.rethrowAsIOException(UnixException.java:102)
	at sun.nio.fs.UnixException.rethrowAsIOException(UnixException.java:107)
	at sun.nio.fs.UnixFileSystemProvider.newDirectoryStream(UnixFileSystemProvider.java:427)
	at java.nio.file.Files.newDirectoryStream(Files.java:457)
	at org.apache.lucene.store.FSDirectory.listAll(FSDirectory.java:191)
	at org.apache.lucene.store.FSDirectory.listAll(FSDirectory.java:203)
	at org.elasticsearch.index.store.FsDirectoryService$1.listAll(FsDirectoryService.java:127)
	at org.apache.lucene.store.FilterDirectory.listAll(FilterDirectory.java:57)
	at org.apache.lucene.store.FilterDirectory.listAll(FilterDirectory.java:57)
	at org.elasticsearch.index.store.Store$StoreStatsCache.estimateSize(Store.java:1538)
	at org.elasticsearch.index.store.Store$StoreStatsCache.refresh(Store.java:1530)
	... 17 more
[2016-12-03 12:25:09,679][DEBUG][action.admin.indices.stats] [Araki] [indices:monitor/stats] failed to execute operation for shard [[brainsearch][4], node[n4bIbS2YSOmtEF_YncnTxw], [P], v[2], s[STARTED], a[id=bt8LpE83RpyhQhPJcGQvaw]]
ElasticsearchException[failed to refresh store stats]; nested: NoSuchFileException[/home/Benson/Dropbox/Startup_Coding/SixNexus/ElasticSearch/elasticsearch-2.4.0/data/elasticsearch/nodes/0/indices/brainsearch/4/index];
	at org.elasticsearch.index.store.Store$StoreStatsCache.refresh(Store.java:1532)
	at org.elasticsearch.index.store.Store$StoreStatsCache.refresh(Store.java:1517)
	at org.elasticsearch.common.util.SingleObjectCache.getOrRefresh(SingleObjectCache.java:55)
	at org.elasticsearch.index.store.Store.stats(Store.java:293)
	at org.elasticsearch.index.shard.IndexShard.storeStats(IndexShard.java:702)
	at org.elasticsearch.action.admin.indices.stats.CommonStats.<init>(CommonStats.java:134)
	at org.elasticsearch.action.admin.indices.stats.TransportIndicesStatsAction.shardOperation(TransportIndicesStatsAction.java:165)
	at org.elasticsearch.action.admin.indices.stats.TransportIndicesStatsAction.shardOperation(TransportIndicesStatsAction.java:47)
	at org.elasticsearch.action.support.broadcast.node.TransportBroadcastByNodeAction$BroadcastByNodeTransportRequestHandler.onShardOperation(TransportBroadcastByNodeAction.java:436)
	at org.elasticsearch.action.support.broadcast.node.TransportBroadcastByNodeAction$BroadcastByNodeTransportRequestHandler.messageReceived(TransportBroadcastByNodeAction.java:415)
	at org.elasticsearch.action.support.broadcast.node.TransportBroadcastByNodeAction$BroadcastByNodeTransportRequestHandler.messageReceived(TransportBroadcastByNodeAction.java:402)
	at org.elasticsearch.transport.TransportRequestHandler.messageReceived(TransportRequestHandler.java:33)
	at org.elasticsearch.transport.RequestHandlerRegistry.processMessageReceived(RequestHandlerRegistry.java:77)
	at org.elasticsearch.transport.TransportService$4.doRun(TransportService.java:376)
	at org.elasticsearch.common.util.concurrent.AbstractRunnable.run(AbstractRunnable.java:37)
	at java.util.concurrent.ThreadPoolExecutor.runWorker(ThreadPoolExecutor.java:1142)
	at java.util.concurrent.ThreadPoolExecutor$Worker.run(ThreadPoolExecutor.java:617)
	at java.lang.Thread.run(Thread.java:745)
Caused by: java.nio.file.NoSuchFileException: /home/Benson/Dropbox/Startup_Coding/SixNexus/ElasticSearch/elasticsearch-2.4.0/data/elasticsearch/nodes/0/indices/brainsearch/4/index
	at sun.nio.fs.UnixException.translateToIOException(UnixException.java:86)
	at sun.nio.fs.UnixException.rethrowAsIOException(UnixException.java:102)
	at sun.nio.fs.UnixException.rethrowAsIOException(UnixException.java:107)
	at sun.nio.fs.UnixFileSystemProvider.newDirectoryStream(UnixFileSystemProvider.java:427)
	at java.nio.file.Files.newDirectoryStream(Files.java:457)
	at org.apache.lucene.store.FSDirectory.listAll(FSDirectory.java:191)
	at org.apache.lucene.store.FSDirectory.listAll(FSDirectory.java:203)
	at org.elasticsearch.index.store.FsDirectoryService$1.listAll(FsDirectoryService.java:127)
	at org.apache.lucene.store.FilterDirectory.listAll(FilterDirectory.java:57)
	at org.apache.lucene.store.FilterDirectory.listAll(FilterDirectory.java:57)
	at org.elasticsearch.index.store.Store$StoreStatsCache.estimateSize(Store.java:1538)
	at org.elasticsearch.index.store.Store$StoreStatsCache.refresh(Store.java:1530)
	... 17 more
[2016-12-03 12:25:09,682][DEBUG][action.admin.indices.stats] [Araki] [indices:monitor/stats] failed to execute operation for shard [[brainsearch][2], node[n4bIbS2YSOmtEF_YncnTxw], [P], v[2], s[STARTED], a[id=0gX4kY3xSRmhPVhMe_FKpA]]
ElasticsearchException[failed to refresh store stats]; nested: NoSuchFileException[/home/Benson/Dropbox/Startup_Coding/SixNexus/ElasticSearch/elasticsearch-2.4.0/data/elasticsearch/nodes/0/indices/brainsearch/2/index];
	at org.elasticsearch.index.store.Store$StoreStatsCache.refresh(Store.java:1532)
	at org.elasticsearch.index.store.Store$StoreStatsCache.refresh(Store.java:1517)
	at org.elasticsearch.common.util.SingleObjectCache.getOrRefresh(SingleObjectCache.java:55)
	at org.elasticsearch.index.store.Store.stats(Store.java:293)
	at org.elasticsearch.index.shard.IndexShard.storeStats(IndexShard.java:702)
	at org.elasticsearch.action.admin.indices.stats.CommonStats.<init>(CommonStats.java:134)
	at org.elasticsearch.action.admin.indices.stats.TransportIndicesStatsAction.shardOperation(TransportIndicesStatsAction.java:165)
	at org.elasticsearch.action.admin.indices.stats.TransportIndicesStatsAction.shardOperation(TransportIndicesStatsAction.java:47)
	at org.elasticsearch.action.support.broadcast.node.TransportBroadcastByNodeAction$BroadcastByNodeTransportRequestHandler.onShardOperation(TransportBroadcastByNodeAction.java:436)
	at org.elasticsearch.action.support.broadcast.node.TransportBroadcastByNodeAction$BroadcastByNodeTransportRequestHandler.messageReceived(TransportBroadcastByNodeAction.java:415)
	at org.elasticsearch.action.support.broadcast.node.TransportBroadcastByNodeAction$BroadcastByNodeTransportRequestHandler.messageReceived(TransportBroadcastByNodeAction.java:402)
	at org.elasticsearch.transport.TransportRequestHandler.messageReceived(TransportRequestHandler.java:33)
	at org.elasticsearch.transport.RequestHandlerRegistry.processMessageReceived(RequestHandlerRegistry.java:77)
	at org.elasticsearch.transport.TransportService$4.doRun(TransportService.java:376)
	at org.elasticsearch.common.util.concurrent.AbstractRunnable.run(AbstractRunnable.java:37)
	at java.util.concurrent.ThreadPoolExecutor.runWorker(ThreadPoolExecutor.java:1142)
	at java.util.concurrent.ThreadPoolExecutor$Worker.run(ThreadPoolExecutor.java:617)
	at java.lang.Thread.run(Thread.java:745)
Caused by: java.nio.file.NoSuchFileException: /home/Benson/Dropbox/Startup_Coding/SixNexus/ElasticSearch/elasticsearch-2.4.0/data/elasticsearch/nodes/0/indices/brainsearch/2/index
	at sun.nio.fs.UnixException.translateToIOException(UnixException.java:86)
	at sun.nio.fs.UnixException.rethrowAsIOException(UnixException.java:102)
	at sun.nio.fs.UnixException.rethrowAsIOException(UnixException.java:107)
	at sun.nio.fs.UnixFileSystemProvider.newDirectoryStream(UnixFileSystemProvider.java:427)
	at java.nio.file.Files.newDirectoryStream(Files.java:457)
	at org.apache.lucene.store.FSDirectory.listAll(FSDirectory.java:191)
	at org.apache.lucene.store.FSDirectory.listAll(FSDirectory.java:203)
	at org.elasticsearch.index.store.FsDirectoryService$1.listAll(FsDirectoryService.java:127)
	at org.apache.lucene.store.FilterDirectory.listAll(FilterDirectory.java:57)
	at org.apache.lucene.store.FilterDirectory.listAll(FilterDirectory.java:57)
	at org.elasticsearch.index.store.Store$StoreStatsCache.estimateSize(Store.java:1538)
	at org.elasticsearch.index.store.Store$StoreStatsCache.refresh(Store.java:1530)
	... 17 more
[2016-12-03 12:25:09,682][DEBUG][action.admin.indices.stats] [Araki] [indices:monitor/stats] failed to execute operation for shard [[brainsearch][3], node[n4bIbS2YSOmtEF_YncnTxw], [P], v[2], s[STARTED], a[id=D3e__B_IQreBg28yz_IrCQ]]
ElasticsearchException[failed to refresh store stats]; nested: NoSuchFileException[/home/Benson/Dropbox/Startup_Coding/SixNexus/ElasticSearch/elasticsearch-2.4.0/data/elasticsearch/nodes/0/indices/brainsearch/3/index];
	at org.elasticsearch.index.store.Store$StoreStatsCache.refresh(Store.java:1532)
	at org.elasticsearch.index.store.Store$StoreStatsCache.refresh(Store.java:1517)
	at org.elasticsearch.common.util.SingleObjectCache.getOrRefresh(SingleObjectCache.java:55)
	at org.elasticsearch.index.store.Store.stats(Store.java:293)
	at org.elasticsearch.index.shard.IndexShard.storeStats(IndexShard.java:702)
	at org.elasticsearch.action.admin.indices.stats.CommonStats.<init>(CommonStats.java:134)
	at org.elasticsearch.action.admin.indices.stats.TransportIndicesStatsAction.shardOperation(TransportIndicesStatsAction.java:165)
	at org.elasticsearch.action.admin.indices.stats.TransportIndicesStatsAction.shardOperation(TransportIndicesStatsAction.java:47)
	at org.elasticsearch.action.support.broadcast.node.TransportBroadcastByNodeAction$BroadcastByNodeTransportRequestHandler.onShardOperation(TransportBroadcastByNodeAction.java:436)
	at org.elasticsearch.action.support.broadcast.node.TransportBroadcastByNodeAction$BroadcastByNodeTransportRequestHandler.messageReceived(TransportBroadcastByNodeAction.java:415)
	at org.elasticsearch.action.support.broadcast.node.TransportBroadcastByNodeAction$BroadcastByNodeTransportRequestHandler.messageReceived(TransportBroadcastByNodeAction.java:402)
	at org.elasticsearch.transport.TransportRequestHandler.messageReceived(TransportRequestHandler.java:33)
	at org.elasticsearch.transport.RequestHandlerRegistry.processMessageReceived(RequestHandlerRegistry.java:77)
	at org.elasticsearch.transport.TransportService$4.doRun(TransportService.java:376)
	at org.elasticsearch.common.util.concurrent.AbstractRunnable.run(AbstractRunnable.java:37)
	at java.util.concurrent.ThreadPoolExecutor.runWorker(ThreadPoolExecutor.java:1142)
	at java.util.concurrent.ThreadPoolExecutor$Worker.run(ThreadPoolExecutor.java:617)
	at java.lang.Thread.run(Thread.java:745)
Caused by: java.nio.file.NoSuchFileException: /home/Benson/Dropbox/Startup_Coding/SixNexus/ElasticSearch/elasticsearch-2.4.0/data/elasticsearch/nodes/0/indices/brainsearch/3/index
	at sun.nio.fs.UnixException.translateToIOException(UnixException.java:86)
	at sun.nio.fs.UnixException.rethrowAsIOException(UnixException.java:102)
	at sun.nio.fs.UnixException.rethrowAsIOException(UnixException.java:107)
	at sun.nio.fs.UnixFileSystemProvider.newDirectoryStream(UnixFileSystemProvider.java:427)
	at java.nio.file.Files.newDirectoryStream(Files.java:457)
	at org.apache.lucene.store.FSDirectory.listAll(FSDirectory.java:191)
	at org.apache.lucene.store.FSDirectory.listAll(FSDirectory.java:203)
	at org.elasticsearch.index.store.FsDirectoryService$1.listAll(FsDirectoryService.java:127)
	at org.apache.lucene.store.FilterDirectory.listAll(FilterDirectory.java:57)
	at org.apache.lucene.store.FilterDirectory.listAll(FilterDirectory.java:57)
	at org.elasticsearch.index.store.Store$StoreStatsCache.estimateSize(Store.java:1538)
	at org.elasticsearch.index.store.Store$StoreStatsCache.refresh(Store.java:1530)
	... 17 more
[2016-12-03 12:25:09,684][DEBUG][action.admin.indices.stats] [Araki] [indices:monitor/stats] failed to execute operation for shard [[brainsearch][0], node[n4bIbS2YSOmtEF_YncnTxw], [P], v[2], s[STARTED], a[id=h4Sa3HOhQdaOHFM-A8VqKg]]
ElasticsearchException[failed to refresh store stats]; nested: NoSuchFileException[/home/Benson/Dropbox/Startup_Coding/SixNexus/ElasticSearch/elasticsearch-2.4.0/data/elasticsearch/nodes/0/indices/brainsearch/0/index];
	at org.elasticsearch.index.store.Store$StoreStatsCache.refresh(Store.java:1532)
	at org.elasticsearch.index.store.Store$StoreStatsCache.refresh(Store.java:1517)
	at org.elasticsearch.common.util.SingleObjectCache.getOrRefresh(SingleObjectCache.java:55)
	at org.elasticsearch.index.store.Store.stats(Store.java:293)
	at org.elasticsearch.index.shard.IndexShard.storeStats(IndexShard.java:702)
	at org.elasticsearch.action.admin.indices.stats.CommonStats.<init>(CommonStats.java:134)
	at org.elasticsearch.action.admin.indices.stats.TransportIndicesStatsAction.shardOperation(TransportIndicesStatsAction.java:165)
	at org.elasticsearch.action.admin.indices.stats.TransportIndicesStatsAction.shardOperation(TransportIndicesStatsAction.java:47)
	at org.elasticsearch.action.support.broadcast.node.TransportBroadcastByNodeAction$BroadcastByNodeTransportRequestHandler.onShardOperation(TransportBroadcastByNodeAction.java:436)
	at org.elasticsearch.action.support.broadcast.node.TransportBroadcastByNodeAction$BroadcastByNodeTransportRequestHandler.messageReceived(TransportBroadcastByNodeAction.java:415)
	at org.elasticsearch.action.support.broadcast.node.TransportBroadcastByNodeAction$BroadcastByNodeTransportRequestHandler.messageReceived(TransportBroadcastByNodeAction.java:402)
	at org.elasticsearch.transport.TransportRequestHandler.messageReceived(TransportRequestHandler.java:33)
	at org.elasticsearch.transport.RequestHandlerRegistry.processMessageReceived(RequestHandlerRegistry.java:77)
	at org.elasticsearch.transport.TransportService$4.doRun(TransportService.java:376)
	at org.elasticsearch.common.util.concurrent.AbstractRunnable.run(AbstractRunnable.java:37)
	at java.util.concurrent.ThreadPoolExecutor.runWorker(ThreadPoolExecutor.java:1142)
	at java.util.concurrent.ThreadPoolExecutor$Worker.run(ThreadPoolExecutor.java:617)
	at java.lang.Thread.run(Thread.java:745)
Caused by: java.nio.file.NoSuchFileException: /home/Benson/Dropbox/Startup_Coding/SixNexus/ElasticSearch/elasticsearch-2.4.0/data/elasticsearch/nodes/0/indices/brainsearch/0/index
	at sun.nio.fs.UnixException.translateToIOException(UnixException.java:86)
	at sun.nio.fs.UnixException.rethrowAsIOException(UnixException.java:102)
	at sun.nio.fs.UnixException.rethrowAsIOException(UnixException.java:107)
	at sun.nio.fs.UnixFileSystemProvider.newDirectoryStream(UnixFileSystemProvider.java:427)
	at java.nio.file.Files.newDirectoryStream(Files.java:457)
	at org.apache.lucene.store.FSDirectory.listAll(FSDirectory.java:191)
	at org.apache.lucene.store.FSDirectory.listAll(FSDirectory.java:203)
	at org.elasticsearch.index.store.FsDirectoryService$1.listAll(FsDirectoryService.java:127)
	at org.apache.lucene.store.FilterDirectory.listAll(FilterDirectory.java:57)
	at org.apache.lucene.store.FilterDirectory.listAll(FilterDirectory.java:57)
	at org.elasticsearch.index.store.Store$StoreStatsCache.estimateSize(Store.java:1538)
	at org.elasticsearch.index.store.Store$StoreStatsCache.refresh(Store.java:1530)
	... 17 more
[2016-12-03 12:29:39,745][DEBUG][action.admin.indices.stats] [Araki] [indices:monitor/stats] failed to execute operation for shard [[brainsearch][0], node[n4bIbS2YSOmtEF_YncnTxw], [P], v[2], s[STARTED], a[id=h4Sa3HOhQdaOHFM-A8VqKg]]
ElasticsearchException[failed to refresh store stats]; nested: NoSuchFileException[/home/Benson/Dropbox/Startup_Coding/SixNexus/ElasticSearch/elasticsearch-2.4.0/data/elasticsearch/nodes/0/indices/brainsearch/0/index];
	at org.elasticsearch.index.store.Store$StoreStatsCache.refresh(Store.java:1532)
	at org.elasticsearch.index.store.Store$StoreStatsCache.refresh(Store.java:1517)
	at org.elasticsearch.common.util.SingleObjectCache.getOrRefresh(SingleObjectCache.java:55)
	at org.elasticsearch.index.store.Store.stats(Store.java:293)
	at org.elasticsearch.index.shard.IndexShard.storeStats(IndexShard.java:702)
	at org.elasticsearch.action.admin.indices.stats.CommonStats.<init>(CommonStats.java:134)
	at org.elasticsearch.action.admin.indices.stats.TransportIndicesStatsAction.shardOperation(TransportIndicesStatsAction.java:165)
	at org.elasticsearch.action.admin.indices.stats.TransportIndicesStatsAction.shardOperation(TransportIndicesStatsAction.java:47)
	at org.elasticsearch.action.support.broadcast.node.TransportBroadcastByNodeAction$BroadcastByNodeTransportRequestHandler.onShardOperation(TransportBroadcastByNodeAction.java:436)
	at org.elasticsearch.action.support.broadcast.node.TransportBroadcastByNodeAction$BroadcastByNodeTransportRequestHandler.messageReceived(TransportBroadcastByNodeAction.java:415)
	at org.elasticsearch.action.support.broadcast.node.TransportBroadcastByNodeAction$BroadcastByNodeTransportRequestHandler.messageReceived(TransportBroadcastByNodeAction.java:402)
	at org.elasticsearch.transport.TransportRequestHandler.messageReceived(TransportRequestHandler.java:33)
	at org.elasticsearch.transport.RequestHandlerRegistry.processMessageReceived(RequestHandlerRegistry.java:77)
	at org.elasticsearch.transport.TransportService$4.doRun(TransportService.java:376)
	at org.elasticsearch.common.util.concurrent.AbstractRunnable.run(AbstractRunnable.java:37)
	at java.util.concurrent.ThreadPoolExecutor.runWorker(ThreadPoolExecutor.java:1142)
	at java.util.concurrent.ThreadPoolExecutor$Worker.run(ThreadPoolExecutor.java:617)
	at java.lang.Thread.run(Thread.java:745)
Caused by: java.nio.file.NoSuchFileException: /home/Benson/Dropbox/Startup_Coding/SixNexus/ElasticSearch/elasticsearch-2.4.0/data/elasticsearch/nodes/0/indices/brainsearch/0/index
	at sun.nio.fs.UnixException.translateToIOException(UnixException.java:86)
	at sun.nio.fs.UnixException.rethrowAsIOException(UnixException.java:102)
	at sun.nio.fs.UnixException.rethrowAsIOException(UnixException.java:107)
	at sun.nio.fs.UnixFileSystemProvider.newDirectoryStream(UnixFileSystemProvider.java:427)
	at java.nio.file.Files.newDirectoryStream(Files.java:457)
	at org.apache.lucene.store.FSDirectory.listAll(FSDirectory.java:191)
	at org.apache.lucene.store.FSDirectory.listAll(FSDirectory.java:203)
	at org.elasticsearch.index.store.FsDirectoryService$1.listAll(FsDirectoryService.java:127)
	at org.apache.lucene.store.FilterDirectory.listAll(FilterDirectory.java:57)
	at org.apache.lucene.store.FilterDirectory.listAll(FilterDirectory.java:57)
	at org.elasticsearch.index.store.Store$StoreStatsCache.estimateSize(Store.java:1538)
	at org.elasticsearch.index.store.Store$StoreStatsCache.refresh(Store.java:1530)
	... 17 more
