[2016-12-19 14:36:32,260][INFO ][node                     ] [Zero-G] version[2.4.0], pid[2345], build[ce9f0c7/2016-08-29T09:14:17Z]
[2016-12-19 14:36:32,321][INFO ][node                     ] [Zero-G] initializing ...
[2016-12-19 14:36:36,844][INFO ][plugins                  ] [Zero-G] modules [reindex, lang-expression, lang-groovy], plugins [], sites []
[2016-12-19 14:36:36,901][INFO ][env                      ] [Zero-G] using [1] data paths, mounts [[/home (/dev/mapper/fedora-home)]], net usable_space [1.3tb], net total_space [1.5tb], spins? [possibly], types [ext4]
[2016-12-19 14:36:36,901][INFO ][env                      ] [Zero-G] heap size [989.8mb], compressed ordinary object pointers [true]
[2016-12-19 14:36:36,902][WARN ][env                      ] [Zero-G] max file descriptors [4096] for elasticsearch process likely too low, consider increasing to at least [65536]
[2016-12-19 14:36:44,301][INFO ][node                     ] [Zero-G] initialized
[2016-12-19 14:36:44,301][INFO ][node                     ] [Zero-G] starting ...
[2016-12-19 14:36:44,530][INFO ][transport                ] [Zero-G] publish_address {127.0.0.1:9300}, bound_addresses {127.0.0.1:9300}
[2016-12-19 14:36:44,557][INFO ][discovery                ] [Zero-G] elasticsearch/QR93F7uAQuCpe0GeWJoIWA
[2016-12-19 14:36:47,610][INFO ][cluster.service          ] [Zero-G] new_master {Zero-G}{QR93F7uAQuCpe0GeWJoIWA}{127.0.0.1}{127.0.0.1:9300}, reason: zen-disco-join(elected_as_master, [0] joins received)
[2016-12-19 14:36:47,622][INFO ][http                     ] [Zero-G] publish_address {127.0.0.1:9200}, bound_addresses {127.0.0.1:9200}
[2016-12-19 14:36:47,623][INFO ][node                     ] [Zero-G] started
[2016-12-19 14:36:49,014][INFO ][gateway                  ] [Zero-G] recovered [1] indices into cluster_state
[2016-12-19 14:36:52,321][INFO ][cluster.routing.allocation] [Zero-G] Cluster health status changed from [RED] to [YELLOW] (reason: [shards started [[optobiz][2], [optobiz][2]] ...]).
[2016-12-19 14:42:14,321][WARN ][index.engine             ] [Zero-G] [optobiz][1] failed to read latest segment infos on flush
org.apache.lucene.index.IndexNotFoundException: no segments* file found in store(default(mmapfs(/home/Benson/Dropbox/Startup_Coding/SixNexus/ElasticSearch/elasticsearch-2.4.0/data/elasticsearch/nodes/0/indices/optobiz/1/index),niofs(/home/Benson/Dropbox/Startup_Coding/SixNexus/ElasticSearch/elasticsearch-2.4.0/data/elasticsearch/nodes/0/indices/optobiz/1/index))): files: [write.lock]
	at org.apache.lucene.index.SegmentInfos$FindSegmentsFile.run(SegmentInfos.java:726)
	at org.apache.lucene.index.SegmentInfos$FindSegmentsFile.run(SegmentInfos.java:683)
	at org.apache.lucene.index.SegmentInfos.readLatestCommit(SegmentInfos.java:490)
	at org.elasticsearch.common.lucene.Lucene.readSegmentInfos(Lucene.java:95)
	at org.elasticsearch.index.store.Store.readSegmentsInfo(Store.java:163)
	at org.elasticsearch.index.store.Store.readLastCommittedSegmentsInfo(Store.java:148)
	at org.elasticsearch.index.engine.InternalEngine.flush(InternalEngine.java:774)
	at org.elasticsearch.index.shard.IndexShard.flush(IndexShard.java:782)
	at org.elasticsearch.indices.flush.SyncedFlushService.performPreSyncedFlush(SyncedFlushService.java:405)
	at org.elasticsearch.indices.flush.SyncedFlushService.access$1000(SyncedFlushService.java:61)
	at org.elasticsearch.indices.flush.SyncedFlushService$PreSyncedFlushTransportHandler.messageReceived(SyncedFlushService.java:687)
	at org.elasticsearch.indices.flush.SyncedFlushService$PreSyncedFlushTransportHandler.messageReceived(SyncedFlushService.java:683)
	at org.elasticsearch.transport.TransportRequestHandler.messageReceived(TransportRequestHandler.java:33)
	at org.elasticsearch.transport.RequestHandlerRegistry.processMessageReceived(RequestHandlerRegistry.java:77)
	at org.elasticsearch.transport.TransportService$4.doRun(TransportService.java:376)
	at org.elasticsearch.common.util.concurrent.AbstractRunnable.run(AbstractRunnable.java:37)
	at java.util.concurrent.ThreadPoolExecutor.runWorker(ThreadPoolExecutor.java:1142)
	at java.util.concurrent.ThreadPoolExecutor$Worker.run(ThreadPoolExecutor.java:617)
	at java.lang.Thread.run(Thread.java:745)
[2016-12-19 14:42:14,323][WARN ][index.engine             ] [Zero-G] [optobiz][3] failed to read latest segment infos on flush
org.apache.lucene.index.IndexNotFoundException: no segments* file found in store(default(mmapfs(/home/Benson/Dropbox/Startup_Coding/SixNexus/ElasticSearch/elasticsearch-2.4.0/data/elasticsearch/nodes/0/indices/optobiz/3/index),niofs(/home/Benson/Dropbox/Startup_Coding/SixNexus/ElasticSearch/elasticsearch-2.4.0/data/elasticsearch/nodes/0/indices/optobiz/3/index))): files: [write.lock]
	at org.apache.lucene.index.SegmentInfos$FindSegmentsFile.run(SegmentInfos.java:726)
	at org.apache.lucene.index.SegmentInfos$FindSegmentsFile.run(SegmentInfos.java:683)
	at org.apache.lucene.index.SegmentInfos.readLatestCommit(SegmentInfos.java:490)
	at org.elasticsearch.common.lucene.Lucene.readSegmentInfos(Lucene.java:95)
	at org.elasticsearch.index.store.Store.readSegmentsInfo(Store.java:163)
	at org.elasticsearch.index.store.Store.readLastCommittedSegmentsInfo(Store.java:148)
	at org.elasticsearch.index.engine.InternalEngine.flush(InternalEngine.java:774)
	at org.elasticsearch.index.shard.IndexShard.flush(IndexShard.java:782)
	at org.elasticsearch.indices.flush.SyncedFlushService.performPreSyncedFlush(SyncedFlushService.java:405)
	at org.elasticsearch.indices.flush.SyncedFlushService.access$1000(SyncedFlushService.java:61)
	at org.elasticsearch.indices.flush.SyncedFlushService$PreSyncedFlushTransportHandler.messageReceived(SyncedFlushService.java:687)
	at org.elasticsearch.indices.flush.SyncedFlushService$PreSyncedFlushTransportHandler.messageReceived(SyncedFlushService.java:683)
	at org.elasticsearch.transport.TransportRequestHandler.messageReceived(TransportRequestHandler.java:33)
	at org.elasticsearch.transport.RequestHandlerRegistry.processMessageReceived(RequestHandlerRegistry.java:77)
	at org.elasticsearch.transport.TransportService$4.doRun(TransportService.java:376)
	at org.elasticsearch.common.util.concurrent.AbstractRunnable.run(AbstractRunnable.java:37)
	at java.util.concurrent.ThreadPoolExecutor.runWorker(ThreadPoolExecutor.java:1142)
	at java.util.concurrent.ThreadPoolExecutor$Worker.run(ThreadPoolExecutor.java:617)
	at java.lang.Thread.run(Thread.java:745)
[2016-12-19 14:42:14,321][WARN ][index.engine             ] [Zero-G] [optobiz][2] failed to read latest segment infos on flush
org.apache.lucene.index.IndexNotFoundException: no segments* file found in store(default(mmapfs(/home/Benson/Dropbox/Startup_Coding/SixNexus/ElasticSearch/elasticsearch-2.4.0/data/elasticsearch/nodes/0/indices/optobiz/2/index),niofs(/home/Benson/Dropbox/Startup_Coding/SixNexus/ElasticSearch/elasticsearch-2.4.0/data/elasticsearch/nodes/0/indices/optobiz/2/index))): files: [write.lock]
	at org.apache.lucene.index.SegmentInfos$FindSegmentsFile.run(SegmentInfos.java:726)
	at org.apache.lucene.index.SegmentInfos$FindSegmentsFile.run(SegmentInfos.java:683)
	at org.apache.lucene.index.SegmentInfos.readLatestCommit(SegmentInfos.java:490)
	at org.elasticsearch.common.lucene.Lucene.readSegmentInfos(Lucene.java:95)
	at org.elasticsearch.index.store.Store.readSegmentsInfo(Store.java:163)
	at org.elasticsearch.index.store.Store.readLastCommittedSegmentsInfo(Store.java:148)
	at org.elasticsearch.index.engine.InternalEngine.flush(InternalEngine.java:774)
	at org.elasticsearch.index.shard.IndexShard.flush(IndexShard.java:782)
	at org.elasticsearch.indices.flush.SyncedFlushService.performPreSyncedFlush(SyncedFlushService.java:405)
	at org.elasticsearch.indices.flush.SyncedFlushService.access$1000(SyncedFlushService.java:61)
	at org.elasticsearch.indices.flush.SyncedFlushService$PreSyncedFlushTransportHandler.messageReceived(SyncedFlushService.java:687)
	at org.elasticsearch.indices.flush.SyncedFlushService$PreSyncedFlushTransportHandler.messageReceived(SyncedFlushService.java:683)
	at org.elasticsearch.transport.TransportRequestHandler.messageReceived(TransportRequestHandler.java:33)
	at org.elasticsearch.transport.RequestHandlerRegistry.processMessageReceived(RequestHandlerRegistry.java:77)
	at org.elasticsearch.transport.TransportService$4.doRun(TransportService.java:376)
	at org.elasticsearch.common.util.concurrent.AbstractRunnable.run(AbstractRunnable.java:37)
	at java.util.concurrent.ThreadPoolExecutor.runWorker(ThreadPoolExecutor.java:1142)
	at java.util.concurrent.ThreadPoolExecutor$Worker.run(ThreadPoolExecutor.java:617)
	at java.lang.Thread.run(Thread.java:745)
[2016-12-19 14:42:14,321][WARN ][index.engine             ] [Zero-G] [optobiz][0] failed to read latest segment infos on flush
org.apache.lucene.index.IndexNotFoundException: no segments* file found in store(default(mmapfs(/home/Benson/Dropbox/Startup_Coding/SixNexus/ElasticSearch/elasticsearch-2.4.0/data/elasticsearch/nodes/0/indices/optobiz/0/index),niofs(/home/Benson/Dropbox/Startup_Coding/SixNexus/ElasticSearch/elasticsearch-2.4.0/data/elasticsearch/nodes/0/indices/optobiz/0/index))): files: [write.lock]
	at org.apache.lucene.index.SegmentInfos$FindSegmentsFile.run(SegmentInfos.java:726)
	at org.apache.lucene.index.SegmentInfos$FindSegmentsFile.run(SegmentInfos.java:683)
	at org.apache.lucene.index.SegmentInfos.readLatestCommit(SegmentInfos.java:490)
	at org.elasticsearch.common.lucene.Lucene.readSegmentInfos(Lucene.java:95)
	at org.elasticsearch.index.store.Store.readSegmentsInfo(Store.java:163)
	at org.elasticsearch.index.store.Store.readLastCommittedSegmentsInfo(Store.java:148)
	at org.elasticsearch.index.engine.InternalEngine.flush(InternalEngine.java:774)
	at org.elasticsearch.index.shard.IndexShard.flush(IndexShard.java:782)
	at org.elasticsearch.indices.flush.SyncedFlushService.performPreSyncedFlush(SyncedFlushService.java:405)
	at org.elasticsearch.indices.flush.SyncedFlushService.access$1000(SyncedFlushService.java:61)
	at org.elasticsearch.indices.flush.SyncedFlushService$PreSyncedFlushTransportHandler.messageReceived(SyncedFlushService.java:687)
	at org.elasticsearch.indices.flush.SyncedFlushService$PreSyncedFlushTransportHandler.messageReceived(SyncedFlushService.java:683)
	at org.elasticsearch.transport.TransportRequestHandler.messageReceived(TransportRequestHandler.java:33)
	at org.elasticsearch.transport.RequestHandlerRegistry.processMessageReceived(RequestHandlerRegistry.java:77)
	at org.elasticsearch.transport.TransportService$4.doRun(TransportService.java:376)
	at org.elasticsearch.common.util.concurrent.AbstractRunnable.run(AbstractRunnable.java:37)
	at java.util.concurrent.ThreadPoolExecutor.runWorker(ThreadPoolExecutor.java:1142)
	at java.util.concurrent.ThreadPoolExecutor$Worker.run(ThreadPoolExecutor.java:617)
	at java.lang.Thread.run(Thread.java:745)
[2016-12-19 14:42:14,356][WARN ][index.engine             ] [Zero-G] [optobiz][4] failed to read latest segment infos on flush
org.apache.lucene.index.IndexNotFoundException: no segments* file found in store(default(mmapfs(/home/Benson/Dropbox/Startup_Coding/SixNexus/ElasticSearch/elasticsearch-2.4.0/data/elasticsearch/nodes/0/indices/optobiz/4/index),niofs(/home/Benson/Dropbox/Startup_Coding/SixNexus/ElasticSearch/elasticsearch-2.4.0/data/elasticsearch/nodes/0/indices/optobiz/4/index))): files: [write.lock]
	at org.apache.lucene.index.SegmentInfos$FindSegmentsFile.run(SegmentInfos.java:726)
	at org.apache.lucene.index.SegmentInfos$FindSegmentsFile.run(SegmentInfos.java:683)
	at org.apache.lucene.index.SegmentInfos.readLatestCommit(SegmentInfos.java:490)
	at org.elasticsearch.common.lucene.Lucene.readSegmentInfos(Lucene.java:95)
	at org.elasticsearch.index.store.Store.readSegmentsInfo(Store.java:163)
	at org.elasticsearch.index.store.Store.readLastCommittedSegmentsInfo(Store.java:148)
	at org.elasticsearch.index.engine.InternalEngine.flush(InternalEngine.java:774)
	at org.elasticsearch.index.shard.IndexShard.flush(IndexShard.java:782)
	at org.elasticsearch.indices.flush.SyncedFlushService.performPreSyncedFlush(SyncedFlushService.java:405)
	at org.elasticsearch.indices.flush.SyncedFlushService.access$1000(SyncedFlushService.java:61)
	at org.elasticsearch.indices.flush.SyncedFlushService$PreSyncedFlushTransportHandler.messageReceived(SyncedFlushService.java:687)
	at org.elasticsearch.indices.flush.SyncedFlushService$PreSyncedFlushTransportHandler.messageReceived(SyncedFlushService.java:683)
	at org.elasticsearch.transport.TransportRequestHandler.messageReceived(TransportRequestHandler.java:33)
	at org.elasticsearch.transport.RequestHandlerRegistry.processMessageReceived(RequestHandlerRegistry.java:77)
	at org.elasticsearch.transport.TransportService$4.doRun(TransportService.java:376)
	at org.elasticsearch.common.util.concurrent.AbstractRunnable.run(AbstractRunnable.java:37)
	at java.util.concurrent.ThreadPoolExecutor.runWorker(ThreadPoolExecutor.java:1142)
	at java.util.concurrent.ThreadPoolExecutor$Worker.run(ThreadPoolExecutor.java:617)
	at java.lang.Thread.run(Thread.java:745)
[2016-12-19 14:42:14,467][WARN ][index.engine             ] [Zero-G] [optobiz][3] failed engine [lucene commit failed]
java.nio.file.NoSuchFileException: /home/Benson/Dropbox/Startup_Coding/SixNexus/ElasticSearch/elasticsearch-2.4.0/data/elasticsearch/nodes/0/indices/optobiz/3/index/_6.cfe
	at sun.nio.fs.UnixException.translateToIOException(UnixException.java:86)
	at sun.nio.fs.UnixException.rethrowAsIOException(UnixException.java:102)
	at sun.nio.fs.UnixException.rethrowAsIOException(UnixException.java:107)
	at sun.nio.fs.UnixFileSystemProvider.newFileChannel(UnixFileSystemProvider.java:177)
	at java.nio.channels.FileChannel.open(FileChannel.java:287)
	at java.nio.channels.FileChannel.open(FileChannel.java:335)
	at org.apache.lucene.util.IOUtils.fsync(IOUtils.java:391)
	at org.apache.lucene.store.FSDirectory.fsync(FSDirectory.java:288)
	at org.apache.lucene.store.FSDirectory.sync(FSDirectory.java:232)
	at org.apache.lucene.store.FileSwitchDirectory.sync(FileSwitchDirectory.java:170)
	at org.apache.lucene.store.FilterDirectory.sync(FilterDirectory.java:78)
	at org.apache.lucene.store.FilterDirectory.sync(FilterDirectory.java:78)
	at org.apache.lucene.store.LockValidatingDirectoryWrapper.sync(LockValidatingDirectoryWrapper.java:62)
	at org.apache.lucene.index.IndexWriter.startCommit(IndexWriter.java:4435)
	at org.apache.lucene.index.IndexWriter.prepareCommitInternal(IndexWriter.java:2860)
	at org.apache.lucene.index.IndexWriter.commitInternal(IndexWriter.java:2963)
	at org.apache.lucene.index.IndexWriter.commit(IndexWriter.java:2930)
	at org.elasticsearch.index.engine.InternalEngine.commitIndexWriter(InternalEngine.java:1256)
	at org.elasticsearch.index.engine.InternalEngine.syncFlush(InternalEngine.java:711)
	at org.elasticsearch.index.shard.IndexShard.syncFlush(IndexShard.java:767)
	at org.elasticsearch.indices.flush.SyncedFlushService.performSyncedFlush(SyncedFlushService.java:414)
	at org.elasticsearch.indices.flush.SyncedFlushService.access$1100(SyncedFlushService.java:61)
	at org.elasticsearch.indices.flush.SyncedFlushService$SyncedFlushTransportHandler.messageReceived(SyncedFlushService.java:695)
	at org.elasticsearch.indices.flush.SyncedFlushService$SyncedFlushTransportHandler.messageReceived(SyncedFlushService.java:691)
	at org.elasticsearch.transport.TransportRequestHandler.messageReceived(TransportRequestHandler.java:33)
	at org.elasticsearch.transport.RequestHandlerRegistry.processMessageReceived(RequestHandlerRegistry.java:77)
	at org.elasticsearch.transport.TransportService$4.doRun(TransportService.java:376)
	at org.elasticsearch.common.util.concurrent.AbstractRunnable.run(AbstractRunnable.java:37)
	at java.util.concurrent.ThreadPoolExecutor.runWorker(ThreadPoolExecutor.java:1142)
	at java.util.concurrent.ThreadPoolExecutor$Worker.run(ThreadPoolExecutor.java:617)
	at java.lang.Thread.run(Thread.java:745)
[2016-12-19 14:42:14,467][WARN ][index.engine             ] [Zero-G] [optobiz][2] failed engine [lucene commit failed]
java.nio.file.NoSuchFileException: /home/Benson/Dropbox/Startup_Coding/SixNexus/ElasticSearch/elasticsearch-2.4.0/data/elasticsearch/nodes/0/indices/optobiz/2/index/_5.cfs
	at sun.nio.fs.UnixException.translateToIOException(UnixException.java:86)
	at sun.nio.fs.UnixException.rethrowAsIOException(UnixException.java:102)
	at sun.nio.fs.UnixException.rethrowAsIOException(UnixException.java:107)
	at sun.nio.fs.UnixFileSystemProvider.newFileChannel(UnixFileSystemProvider.java:177)
	at java.nio.channels.FileChannel.open(FileChannel.java:287)
	at java.nio.channels.FileChannel.open(FileChannel.java:335)
	at org.apache.lucene.util.IOUtils.fsync(IOUtils.java:391)
	at org.apache.lucene.store.FSDirectory.fsync(FSDirectory.java:288)
	at org.apache.lucene.store.FSDirectory.sync(FSDirectory.java:232)
	at org.apache.lucene.store.FileSwitchDirectory.sync(FileSwitchDirectory.java:170)
	at org.apache.lucene.store.FilterDirectory.sync(FilterDirectory.java:78)
	at org.apache.lucene.store.FilterDirectory.sync(FilterDirectory.java:78)
	at org.apache.lucene.store.LockValidatingDirectoryWrapper.sync(LockValidatingDirectoryWrapper.java:62)
	at org.apache.lucene.index.IndexWriter.startCommit(IndexWriter.java:4435)
	at org.apache.lucene.index.IndexWriter.prepareCommitInternal(IndexWriter.java:2860)
	at org.apache.lucene.index.IndexWriter.commitInternal(IndexWriter.java:2963)
	at org.apache.lucene.index.IndexWriter.commit(IndexWriter.java:2930)
	at org.elasticsearch.index.engine.InternalEngine.commitIndexWriter(InternalEngine.java:1256)
	at org.elasticsearch.index.engine.InternalEngine.syncFlush(InternalEngine.java:711)
	at org.elasticsearch.index.shard.IndexShard.syncFlush(IndexShard.java:767)
	at org.elasticsearch.indices.flush.SyncedFlushService.performSyncedFlush(SyncedFlushService.java:414)
	at org.elasticsearch.indices.flush.SyncedFlushService.access$1100(SyncedFlushService.java:61)
	at org.elasticsearch.indices.flush.SyncedFlushService$SyncedFlushTransportHandler.messageReceived(SyncedFlushService.java:695)
	at org.elasticsearch.indices.flush.SyncedFlushService$SyncedFlushTransportHandler.messageReceived(SyncedFlushService.java:691)
	at org.elasticsearch.transport.TransportRequestHandler.messageReceived(TransportRequestHandler.java:33)
	at org.elasticsearch.transport.RequestHandlerRegistry.processMessageReceived(RequestHandlerRegistry.java:77)
	at org.elasticsearch.transport.TransportService$4.doRun(TransportService.java:376)
	at org.elasticsearch.common.util.concurrent.AbstractRunnable.run(AbstractRunnable.java:37)
	at java.util.concurrent.ThreadPoolExecutor.runWorker(ThreadPoolExecutor.java:1142)
	at java.util.concurrent.ThreadPoolExecutor$Worker.run(ThreadPoolExecutor.java:617)
	at java.lang.Thread.run(Thread.java:745)
[2016-12-19 14:42:14,472][WARN ][index.engine             ] [Zero-G] [optobiz][1] failed engine [lucene commit failed]
java.nio.file.NoSuchFileException: /home/Benson/Dropbox/Startup_Coding/SixNexus/ElasticSearch/elasticsearch-2.4.0/data/elasticsearch/nodes/0/indices/optobiz/1/index/_3.si
	at sun.nio.fs.UnixException.translateToIOException(UnixException.java:86)
	at sun.nio.fs.UnixException.rethrowAsIOException(UnixException.java:102)
	at sun.nio.fs.UnixException.rethrowAsIOException(UnixException.java:107)
	at sun.nio.fs.UnixFileSystemProvider.newFileChannel(UnixFileSystemProvider.java:177)
	at java.nio.channels.FileChannel.open(FileChannel.java:287)
	at java.nio.channels.FileChannel.open(FileChannel.java:335)
	at org.apache.lucene.util.IOUtils.fsync(IOUtils.java:391)
	at org.apache.lucene.store.FSDirectory.fsync(FSDirectory.java:288)
	at org.apache.lucene.store.FSDirectory.sync(FSDirectory.java:232)
	at org.apache.lucene.store.FileSwitchDirectory.sync(FileSwitchDirectory.java:170)
	at org.apache.lucene.store.FilterDirectory.sync(FilterDirectory.java:78)
	at org.apache.lucene.store.FilterDirectory.sync(FilterDirectory.java:78)
	at org.apache.lucene.store.LockValidatingDirectoryWrapper.sync(LockValidatingDirectoryWrapper.java:62)
	at org.apache.lucene.index.IndexWriter.startCommit(IndexWriter.java:4435)
	at org.apache.lucene.index.IndexWriter.prepareCommitInternal(IndexWriter.java:2860)
	at org.apache.lucene.index.IndexWriter.commitInternal(IndexWriter.java:2963)
	at org.apache.lucene.index.IndexWriter.commit(IndexWriter.java:2930)
	at org.elasticsearch.index.engine.InternalEngine.commitIndexWriter(InternalEngine.java:1256)
	at org.elasticsearch.index.engine.InternalEngine.syncFlush(InternalEngine.java:711)
	at org.elasticsearch.index.shard.IndexShard.syncFlush(IndexShard.java:767)
	at org.elasticsearch.indices.flush.SyncedFlushService.performSyncedFlush(SyncedFlushService.java:414)
	at org.elasticsearch.indices.flush.SyncedFlushService.access$1100(SyncedFlushService.java:61)
	at org.elasticsearch.indices.flush.SyncedFlushService$SyncedFlushTransportHandler.messageReceived(SyncedFlushService.java:695)
	at org.elasticsearch.indices.flush.SyncedFlushService$SyncedFlushTransportHandler.messageReceived(SyncedFlushService.java:691)
	at org.elasticsearch.transport.TransportRequestHandler.messageReceived(TransportRequestHandler.java:33)
	at org.elasticsearch.transport.RequestHandlerRegistry.processMessageReceived(RequestHandlerRegistry.java:77)
	at org.elasticsearch.transport.TransportService$4.doRun(TransportService.java:376)
	at org.elasticsearch.common.util.concurrent.AbstractRunnable.run(AbstractRunnable.java:37)
	at java.util.concurrent.ThreadPoolExecutor.runWorker(ThreadPoolExecutor.java:1142)
	at java.util.concurrent.ThreadPoolExecutor$Worker.run(ThreadPoolExecutor.java:617)
	at java.lang.Thread.run(Thread.java:745)
[2016-12-19 14:42:14,472][WARN ][indices.cluster          ] [Zero-G] [[optobiz][3]] marking and sending shard failed due to [engine failure, reason [lucene commit failed]]
java.nio.file.NoSuchFileException: /home/Benson/Dropbox/Startup_Coding/SixNexus/ElasticSearch/elasticsearch-2.4.0/data/elasticsearch/nodes/0/indices/optobiz/3/index/_6.cfe
	at sun.nio.fs.UnixException.translateToIOException(UnixException.java:86)
	at sun.nio.fs.UnixException.rethrowAsIOException(UnixException.java:102)
	at sun.nio.fs.UnixException.rethrowAsIOException(UnixException.java:107)
	at sun.nio.fs.UnixFileSystemProvider.newFileChannel(UnixFileSystemProvider.java:177)
	at java.nio.channels.FileChannel.open(FileChannel.java:287)
	at java.nio.channels.FileChannel.open(FileChannel.java:335)
	at org.apache.lucene.util.IOUtils.fsync(IOUtils.java:391)
	at org.apache.lucene.store.FSDirectory.fsync(FSDirectory.java:288)
	at org.apache.lucene.store.FSDirectory.sync(FSDirectory.java:232)
	at org.apache.lucene.store.FileSwitchDirectory.sync(FileSwitchDirectory.java:170)
	at org.apache.lucene.store.FilterDirectory.sync(FilterDirectory.java:78)
	at org.apache.lucene.store.FilterDirectory.sync(FilterDirectory.java:78)
	at org.apache.lucene.store.LockValidatingDirectoryWrapper.sync(LockValidatingDirectoryWrapper.java:62)
	at org.apache.lucene.index.IndexWriter.startCommit(IndexWriter.java:4435)
	at org.apache.lucene.index.IndexWriter.prepareCommitInternal(IndexWriter.java:2860)
	at org.apache.lucene.index.IndexWriter.commitInternal(IndexWriter.java:2963)
	at org.apache.lucene.index.IndexWriter.commit(IndexWriter.java:2930)
	at org.elasticsearch.index.engine.InternalEngine.commitIndexWriter(InternalEngine.java:1256)
	at org.elasticsearch.index.engine.InternalEngine.syncFlush(InternalEngine.java:711)
	at org.elasticsearch.index.shard.IndexShard.syncFlush(IndexShard.java:767)
	at org.elasticsearch.indices.flush.SyncedFlushService.performSyncedFlush(SyncedFlushService.java:414)
	at org.elasticsearch.indices.flush.SyncedFlushService.access$1100(SyncedFlushService.java:61)
	at org.elasticsearch.indices.flush.SyncedFlushService$SyncedFlushTransportHandler.messageReceived(SyncedFlushService.java:695)
	at org.elasticsearch.indices.flush.SyncedFlushService$SyncedFlushTransportHandler.messageReceived(SyncedFlushService.java:691)
	at org.elasticsearch.transport.TransportRequestHandler.messageReceived(TransportRequestHandler.java:33)
	at org.elasticsearch.transport.RequestHandlerRegistry.processMessageReceived(RequestHandlerRegistry.java:77)
	at org.elasticsearch.transport.TransportService$4.doRun(TransportService.java:376)
	at org.elasticsearch.common.util.concurrent.AbstractRunnable.run(AbstractRunnable.java:37)
	at java.util.concurrent.ThreadPoolExecutor.runWorker(ThreadPoolExecutor.java:1142)
	at java.util.concurrent.ThreadPoolExecutor$Worker.run(ThreadPoolExecutor.java:617)
	at java.lang.Thread.run(Thread.java:745)
[2016-12-19 14:42:14,475][WARN ][cluster.action.shard     ] [Zero-G] [optobiz][3] received shard failed for target shard [[optobiz][3], node[QR93F7uAQuCpe0GeWJoIWA], [P], v[4], s[STARTED], a[id=VjuERst2Rv2udAV-yQ0cGg]], indexUUID [2b7aaHQKT1KYd2uxcTI_Mg], message [engine failure, reason [lucene commit failed]], failure [NoSuchFileException[/home/Benson/Dropbox/Startup_Coding/SixNexus/ElasticSearch/elasticsearch-2.4.0/data/elasticsearch/nodes/0/indices/optobiz/3/index/_6.cfe]]
java.nio.file.NoSuchFileException: /home/Benson/Dropbox/Startup_Coding/SixNexus/ElasticSearch/elasticsearch-2.4.0/data/elasticsearch/nodes/0/indices/optobiz/3/index/_6.cfe
	at sun.nio.fs.UnixException.translateToIOException(UnixException.java:86)
	at sun.nio.fs.UnixException.rethrowAsIOException(UnixException.java:102)
	at sun.nio.fs.UnixException.rethrowAsIOException(UnixException.java:107)
	at sun.nio.fs.UnixFileSystemProvider.newFileChannel(UnixFileSystemProvider.java:177)
	at java.nio.channels.FileChannel.open(FileChannel.java:287)
	at java.nio.channels.FileChannel.open(FileChannel.java:335)
	at org.apache.lucene.util.IOUtils.fsync(IOUtils.java:391)
	at org.apache.lucene.store.FSDirectory.fsync(FSDirectory.java:288)
	at org.apache.lucene.store.FSDirectory.sync(FSDirectory.java:232)
	at org.apache.lucene.store.FileSwitchDirectory.sync(FileSwitchDirectory.java:170)
	at org.apache.lucene.store.FilterDirectory.sync(FilterDirectory.java:78)
	at org.apache.lucene.store.FilterDirectory.sync(FilterDirectory.java:78)
	at org.apache.lucene.store.LockValidatingDirectoryWrapper.sync(LockValidatingDirectoryWrapper.java:62)
	at org.apache.lucene.index.IndexWriter.startCommit(IndexWriter.java:4435)
	at org.apache.lucene.index.IndexWriter.prepareCommitInternal(IndexWriter.java:2860)
	at org.apache.lucene.index.IndexWriter.commitInternal(IndexWriter.java:2963)
	at org.apache.lucene.index.IndexWriter.commit(IndexWriter.java:2930)
	at org.elasticsearch.index.engine.InternalEngine.commitIndexWriter(InternalEngine.java:1256)
	at org.elasticsearch.index.engine.InternalEngine.syncFlush(InternalEngine.java:711)
	at org.elasticsearch.index.shard.IndexShard.syncFlush(IndexShard.java:767)
	at org.elasticsearch.indices.flush.SyncedFlushService.performSyncedFlush(SyncedFlushService.java:414)
	at org.elasticsearch.indices.flush.SyncedFlushService.access$1100(SyncedFlushService.java:61)
	at org.elasticsearch.indices.flush.SyncedFlushService$SyncedFlushTransportHandler.messageReceived(SyncedFlushService.java:695)
	at org.elasticsearch.indices.flush.SyncedFlushService$SyncedFlushTransportHandler.messageReceived(SyncedFlushService.java:691)
	at org.elasticsearch.transport.TransportRequestHandler.messageReceived(TransportRequestHandler.java:33)
	at org.elasticsearch.transport.RequestHandlerRegistry.processMessageReceived(RequestHandlerRegistry.java:77)
	at org.elasticsearch.transport.TransportService$4.doRun(TransportService.java:376)
	at org.elasticsearch.common.util.concurrent.AbstractRunnable.run(AbstractRunnable.java:37)
	at java.util.concurrent.ThreadPoolExecutor.runWorker(ThreadPoolExecutor.java:1142)
	at java.util.concurrent.ThreadPoolExecutor$Worker.run(ThreadPoolExecutor.java:617)
	at java.lang.Thread.run(Thread.java:745)
[2016-12-19 14:42:14,476][WARN ][indices.cluster          ] [Zero-G] [[optobiz][1]] marking and sending shard failed due to [engine failure, reason [lucene commit failed]]
java.nio.file.NoSuchFileException: /home/Benson/Dropbox/Startup_Coding/SixNexus/ElasticSearch/elasticsearch-2.4.0/data/elasticsearch/nodes/0/indices/optobiz/1/index/_3.si
	at sun.nio.fs.UnixException.translateToIOException(UnixException.java:86)
	at sun.nio.fs.UnixException.rethrowAsIOException(UnixException.java:102)
	at sun.nio.fs.UnixException.rethrowAsIOException(UnixException.java:107)
	at sun.nio.fs.UnixFileSystemProvider.newFileChannel(UnixFileSystemProvider.java:177)
	at java.nio.channels.FileChannel.open(FileChannel.java:287)
	at java.nio.channels.FileChannel.open(FileChannel.java:335)
	at org.apache.lucene.util.IOUtils.fsync(IOUtils.java:391)
	at org.apache.lucene.store.FSDirectory.fsync(FSDirectory.java:288)
	at org.apache.lucene.store.FSDirectory.sync(FSDirectory.java:232)
	at org.apache.lucene.store.FileSwitchDirectory.sync(FileSwitchDirectory.java:170)
	at org.apache.lucene.store.FilterDirectory.sync(FilterDirectory.java:78)
	at org.apache.lucene.store.FilterDirectory.sync(FilterDirectory.java:78)
	at org.apache.lucene.store.LockValidatingDirectoryWrapper.sync(LockValidatingDirectoryWrapper.java:62)
	at org.apache.lucene.index.IndexWriter.startCommit(IndexWriter.java:4435)
	at org.apache.lucene.index.IndexWriter.prepareCommitInternal(IndexWriter.java:2860)
	at org.apache.lucene.index.IndexWriter.commitInternal(IndexWriter.java:2963)
	at org.apache.lucene.index.IndexWriter.commit(IndexWriter.java:2930)
	at org.elasticsearch.index.engine.InternalEngine.commitIndexWriter(InternalEngine.java:1256)
	at org.elasticsearch.index.engine.InternalEngine.syncFlush(InternalEngine.java:711)
	at org.elasticsearch.index.shard.IndexShard.syncFlush(IndexShard.java:767)
	at org.elasticsearch.indices.flush.SyncedFlushService.performSyncedFlush(SyncedFlushService.java:414)
	at org.elasticsearch.indices.flush.SyncedFlushService.access$1100(SyncedFlushService.java:61)
	at org.elasticsearch.indices.flush.SyncedFlushService$SyncedFlushTransportHandler.messageReceived(SyncedFlushService.java:695)
	at org.elasticsearch.indices.flush.SyncedFlushService$SyncedFlushTransportHandler.messageReceived(SyncedFlushService.java:691)
	at org.elasticsearch.transport.TransportRequestHandler.messageReceived(TransportRequestHandler.java:33)
	at org.elasticsearch.transport.RequestHandlerRegistry.processMessageReceived(RequestHandlerRegistry.java:77)
	at org.elasticsearch.transport.TransportService$4.doRun(TransportService.java:376)
	at org.elasticsearch.common.util.concurrent.AbstractRunnable.run(AbstractRunnable.java:37)
	at java.util.concurrent.ThreadPoolExecutor.runWorker(ThreadPoolExecutor.java:1142)
	at java.util.concurrent.ThreadPoolExecutor$Worker.run(ThreadPoolExecutor.java:617)
	at java.lang.Thread.run(Thread.java:745)
[2016-12-19 14:42:14,479][INFO ][cluster.routing.allocation] [Zero-G] Cluster health status changed from [YELLOW] to [RED] (reason: [shards failed [[optobiz][3]] ...]).
[2016-12-19 14:42:14,479][WARN ][cluster.action.shard     ] [Zero-G] [optobiz][1] received shard failed for target shard [[optobiz][1], node[QR93F7uAQuCpe0GeWJoIWA], [P], v[4], s[STARTED], a[id=HWrsNm0_QIyK_YAFYC2U5A]], indexUUID [2b7aaHQKT1KYd2uxcTI_Mg], message [engine failure, reason [lucene commit failed]], failure [NoSuchFileException[/home/Benson/Dropbox/Startup_Coding/SixNexus/ElasticSearch/elasticsearch-2.4.0/data/elasticsearch/nodes/0/indices/optobiz/1/index/_3.si]]
java.nio.file.NoSuchFileException: /home/Benson/Dropbox/Startup_Coding/SixNexus/ElasticSearch/elasticsearch-2.4.0/data/elasticsearch/nodes/0/indices/optobiz/1/index/_3.si
	at sun.nio.fs.UnixException.translateToIOException(UnixException.java:86)
	at sun.nio.fs.UnixException.rethrowAsIOException(UnixException.java:102)
	at sun.nio.fs.UnixException.rethrowAsIOException(UnixException.java:107)
	at sun.nio.fs.UnixFileSystemProvider.newFileChannel(UnixFileSystemProvider.java:177)
	at java.nio.channels.FileChannel.open(FileChannel.java:287)
	at java.nio.channels.FileChannel.open(FileChannel.java:335)
	at org.apache.lucene.util.IOUtils.fsync(IOUtils.java:391)
	at org.apache.lucene.store.FSDirectory.fsync(FSDirectory.java:288)
	at org.apache.lucene.store.FSDirectory.sync(FSDirectory.java:232)
	at org.apache.lucene.store.FileSwitchDirectory.sync(FileSwitchDirectory.java:170)
	at org.apache.lucene.store.FilterDirectory.sync(FilterDirectory.java:78)
	at org.apache.lucene.store.FilterDirectory.sync(FilterDirectory.java:78)
	at org.apache.lucene.store.LockValidatingDirectoryWrapper.sync(LockValidatingDirectoryWrapper.java:62)
	at org.apache.lucene.index.IndexWriter.startCommit(IndexWriter.java:4435)
	at org.apache.lucene.index.IndexWriter.prepareCommitInternal(IndexWriter.java:2860)
	at org.apache.lucene.index.IndexWriter.commitInternal(IndexWriter.java:2963)
	at org.apache.lucene.index.IndexWriter.commit(IndexWriter.java:2930)
	at org.elasticsearch.index.engine.InternalEngine.commitIndexWriter(InternalEngine.java:1256)
	at org.elasticsearch.index.engine.InternalEngine.syncFlush(InternalEngine.java:711)
	at org.elasticsearch.index.shard.IndexShard.syncFlush(IndexShard.java:767)
	at org.elasticsearch.indices.flush.SyncedFlushService.performSyncedFlush(SyncedFlushService.java:414)
	at org.elasticsearch.indices.flush.SyncedFlushService.access$1100(SyncedFlushService.java:61)
	at org.elasticsearch.indices.flush.SyncedFlushService$SyncedFlushTransportHandler.messageReceived(SyncedFlushService.java:695)
	at org.elasticsearch.indices.flush.SyncedFlushService$SyncedFlushTransportHandler.messageReceived(SyncedFlushService.java:691)
	at org.elasticsearch.transport.TransportRequestHandler.messageReceived(TransportRequestHandler.java:33)
	at org.elasticsearch.transport.RequestHandlerRegistry.processMessageReceived(RequestHandlerRegistry.java:77)
	at org.elasticsearch.transport.TransportService$4.doRun(TransportService.java:376)
	at org.elasticsearch.common.util.concurrent.AbstractRunnable.run(AbstractRunnable.java:37)
	at java.util.concurrent.ThreadPoolExecutor.runWorker(ThreadPoolExecutor.java:1142)
	at java.util.concurrent.ThreadPoolExecutor$Worker.run(ThreadPoolExecutor.java:617)
	at java.lang.Thread.run(Thread.java:745)
[2016-12-19 14:42:14,481][WARN ][indices.cluster          ] [Zero-G] [[optobiz][2]] marking and sending shard failed due to [engine failure, reason [lucene commit failed]]
java.nio.file.NoSuchFileException: /home/Benson/Dropbox/Startup_Coding/SixNexus/ElasticSearch/elasticsearch-2.4.0/data/elasticsearch/nodes/0/indices/optobiz/2/index/_5.cfs
	at sun.nio.fs.UnixException.translateToIOException(UnixException.java:86)
	at sun.nio.fs.UnixException.rethrowAsIOException(UnixException.java:102)
	at sun.nio.fs.UnixException.rethrowAsIOException(UnixException.java:107)
	at sun.nio.fs.UnixFileSystemProvider.newFileChannel(UnixFileSystemProvider.java:177)
	at java.nio.channels.FileChannel.open(FileChannel.java:287)
	at java.nio.channels.FileChannel.open(FileChannel.java:335)
	at org.apache.lucene.util.IOUtils.fsync(IOUtils.java:391)
	at org.apache.lucene.store.FSDirectory.fsync(FSDirectory.java:288)
	at org.apache.lucene.store.FSDirectory.sync(FSDirectory.java:232)
	at org.apache.lucene.store.FileSwitchDirectory.sync(FileSwitchDirectory.java:170)
	at org.apache.lucene.store.FilterDirectory.sync(FilterDirectory.java:78)
	at org.apache.lucene.store.FilterDirectory.sync(FilterDirectory.java:78)
	at org.apache.lucene.store.LockValidatingDirectoryWrapper.sync(LockValidatingDirectoryWrapper.java:62)
	at org.apache.lucene.index.IndexWriter.startCommit(IndexWriter.java:4435)
	at org.apache.lucene.index.IndexWriter.prepareCommitInternal(IndexWriter.java:2860)
	at org.apache.lucene.index.IndexWriter.commitInternal(IndexWriter.java:2963)
	at org.apache.lucene.index.IndexWriter.commit(IndexWriter.java:2930)
	at org.elasticsearch.index.engine.InternalEngine.commitIndexWriter(InternalEngine.java:1256)
	at org.elasticsearch.index.engine.InternalEngine.syncFlush(InternalEngine.java:711)
	at org.elasticsearch.index.shard.IndexShard.syncFlush(IndexShard.java:767)
	at org.elasticsearch.indices.flush.SyncedFlushService.performSyncedFlush(SyncedFlushService.java:414)
	at org.elasticsearch.indices.flush.SyncedFlushService.access$1100(SyncedFlushService.java:61)
	at org.elasticsearch.indices.flush.SyncedFlushService$SyncedFlushTransportHandler.messageReceived(SyncedFlushService.java:695)
	at org.elasticsearch.indices.flush.SyncedFlushService$SyncedFlushTransportHandler.messageReceived(SyncedFlushService.java:691)
	at org.elasticsearch.transport.TransportRequestHandler.messageReceived(TransportRequestHandler.java:33)
	at org.elasticsearch.transport.RequestHandlerRegistry.processMessageReceived(RequestHandlerRegistry.java:77)
	at org.elasticsearch.transport.TransportService$4.doRun(TransportService.java:376)
	at org.elasticsearch.common.util.concurrent.AbstractRunnable.run(AbstractRunnable.java:37)
	at java.util.concurrent.ThreadPoolExecutor.runWorker(ThreadPoolExecutor.java:1142)
	at java.util.concurrent.ThreadPoolExecutor$Worker.run(ThreadPoolExecutor.java:617)
	at java.lang.Thread.run(Thread.java:745)
[2016-12-19 14:42:14,481][WARN ][cluster.action.shard     ] [Zero-G] [optobiz][2] received shard failed for target shard [[optobiz][2], node[QR93F7uAQuCpe0GeWJoIWA], [P], v[4], s[STARTED], a[id=QnZImWR7Q6mro8HO9KaSjw]], indexUUID [2b7aaHQKT1KYd2uxcTI_Mg], message [engine failure, reason [lucene commit failed]], failure [NoSuchFileException[/home/Benson/Dropbox/Startup_Coding/SixNexus/ElasticSearch/elasticsearch-2.4.0/data/elasticsearch/nodes/0/indices/optobiz/2/index/_5.cfs]]
java.nio.file.NoSuchFileException: /home/Benson/Dropbox/Startup_Coding/SixNexus/ElasticSearch/elasticsearch-2.4.0/data/elasticsearch/nodes/0/indices/optobiz/2/index/_5.cfs
	at sun.nio.fs.UnixException.translateToIOException(UnixException.java:86)
	at sun.nio.fs.UnixException.rethrowAsIOException(UnixException.java:102)
	at sun.nio.fs.UnixException.rethrowAsIOException(UnixException.java:107)
	at sun.nio.fs.UnixFileSystemProvider.newFileChannel(UnixFileSystemProvider.java:177)
	at java.nio.channels.FileChannel.open(FileChannel.java:287)
	at java.nio.channels.FileChannel.open(FileChannel.java:335)
	at org.apache.lucene.util.IOUtils.fsync(IOUtils.java:391)
	at org.apache.lucene.store.FSDirectory.fsync(FSDirectory.java:288)
	at org.apache.lucene.store.FSDirectory.sync(FSDirectory.java:232)
	at org.apache.lucene.store.FileSwitchDirectory.sync(FileSwitchDirectory.java:170)
	at org.apache.lucene.store.FilterDirectory.sync(FilterDirectory.java:78)
	at org.apache.lucene.store.FilterDirectory.sync(FilterDirectory.java:78)
	at org.apache.lucene.store.LockValidatingDirectoryWrapper.sync(LockValidatingDirectoryWrapper.java:62)
	at org.apache.lucene.index.IndexWriter.startCommit(IndexWriter.java:4435)
	at org.apache.lucene.index.IndexWriter.prepareCommitInternal(IndexWriter.java:2860)
	at org.apache.lucene.index.IndexWriter.commitInternal(IndexWriter.java:2963)
	at org.apache.lucene.index.IndexWriter.commit(IndexWriter.java:2930)
	at org.elasticsearch.index.engine.InternalEngine.commitIndexWriter(InternalEngine.java:1256)
	at org.elasticsearch.index.engine.InternalEngine.syncFlush(InternalEngine.java:711)
	at org.elasticsearch.index.shard.IndexShard.syncFlush(IndexShard.java:767)
	at org.elasticsearch.indices.flush.SyncedFlushService.performSyncedFlush(SyncedFlushService.java:414)
	at org.elasticsearch.indices.flush.SyncedFlushService.access$1100(SyncedFlushService.java:61)
	at org.elasticsearch.indices.flush.SyncedFlushService$SyncedFlushTransportHandler.messageReceived(SyncedFlushService.java:695)
	at org.elasticsearch.indices.flush.SyncedFlushService$SyncedFlushTransportHandler.messageReceived(SyncedFlushService.java:691)
	at org.elasticsearch.transport.TransportRequestHandler.messageReceived(TransportRequestHandler.java:33)
	at org.elasticsearch.transport.RequestHandlerRegistry.processMessageReceived(RequestHandlerRegistry.java:77)
	at org.elasticsearch.transport.TransportService$4.doRun(TransportService.java:376)
	at org.elasticsearch.common.util.concurrent.AbstractRunnable.run(AbstractRunnable.java:37)
	at java.util.concurrent.ThreadPoolExecutor.runWorker(ThreadPoolExecutor.java:1142)
	at java.util.concurrent.ThreadPoolExecutor$Worker.run(ThreadPoolExecutor.java:617)
	at java.lang.Thread.run(Thread.java:745)
[2016-12-19 14:42:14,482][WARN ][cluster.action.shard     ] [Zero-G] [optobiz][1] received shard failed for target shard [[optobiz][1], node[QR93F7uAQuCpe0GeWJoIWA], [P], v[4], s[STARTED], a[id=HWrsNm0_QIyK_YAFYC2U5A]], indexUUID [2b7aaHQKT1KYd2uxcTI_Mg], message [master {Zero-G}{QR93F7uAQuCpe0GeWJoIWA}{127.0.0.1}{127.0.0.1:9300} marked shard as started, but shard has previous failed. resending shard failure.]
[2016-12-19 14:42:14,482][WARN ][cluster.action.shard     ] [Zero-G] [optobiz][2] received shard failed for target shard [[optobiz][2], node[QR93F7uAQuCpe0GeWJoIWA], [P], v[4], s[STARTED], a[id=QnZImWR7Q6mro8HO9KaSjw]], indexUUID [2b7aaHQKT1KYd2uxcTI_Mg], message [master {Zero-G}{QR93F7uAQuCpe0GeWJoIWA}{127.0.0.1}{127.0.0.1:9300} marked shard as started, but shard has previous failed. resending shard failure.]
[2016-12-19 14:42:14,532][WARN ][index.engine             ] [Zero-G] [optobiz][4] failed engine [lucene commit failed]
java.nio.file.NoSuchFileException: /home/Benson/Dropbox/Startup_Coding/SixNexus/ElasticSearch/elasticsearch-2.4.0/data/elasticsearch/nodes/0/indices/optobiz/4/index/_5.cfs
	at sun.nio.fs.UnixException.translateToIOException(UnixException.java:86)
	at sun.nio.fs.UnixException.rethrowAsIOException(UnixException.java:102)
	at sun.nio.fs.UnixException.rethrowAsIOException(UnixException.java:107)
	at sun.nio.fs.UnixFileSystemProvider.newFileChannel(UnixFileSystemProvider.java:177)
	at java.nio.channels.FileChannel.open(FileChannel.java:287)
	at java.nio.channels.FileChannel.open(FileChannel.java:335)
	at org.apache.lucene.util.IOUtils.fsync(IOUtils.java:391)
	at org.apache.lucene.store.FSDirectory.fsync(FSDirectory.java:288)
	at org.apache.lucene.store.FSDirectory.sync(FSDirectory.java:232)
	at org.apache.lucene.store.FileSwitchDirectory.sync(FileSwitchDirectory.java:170)
	at org.apache.lucene.store.FilterDirectory.sync(FilterDirectory.java:78)
	at org.apache.lucene.store.FilterDirectory.sync(FilterDirectory.java:78)
	at org.apache.lucene.store.LockValidatingDirectoryWrapper.sync(LockValidatingDirectoryWrapper.java:62)
	at org.apache.lucene.index.IndexWriter.startCommit(IndexWriter.java:4435)
	at org.apache.lucene.index.IndexWriter.prepareCommitInternal(IndexWriter.java:2860)
	at org.apache.lucene.index.IndexWriter.commitInternal(IndexWriter.java:2963)
	at org.apache.lucene.index.IndexWriter.commit(IndexWriter.java:2930)
	at org.elasticsearch.index.engine.InternalEngine.commitIndexWriter(InternalEngine.java:1256)
	at org.elasticsearch.index.engine.InternalEngine.syncFlush(InternalEngine.java:711)
	at org.elasticsearch.index.shard.IndexShard.syncFlush(IndexShard.java:767)
	at org.elasticsearch.indices.flush.SyncedFlushService.performSyncedFlush(SyncedFlushService.java:414)
	at org.elasticsearch.indices.flush.SyncedFlushService.access$1100(SyncedFlushService.java:61)
	at org.elasticsearch.indices.flush.SyncedFlushService$SyncedFlushTransportHandler.messageReceived(SyncedFlushService.java:695)
	at org.elasticsearch.indices.flush.SyncedFlushService$SyncedFlushTransportHandler.messageReceived(SyncedFlushService.java:691)
	at org.elasticsearch.transport.TransportRequestHandler.messageReceived(TransportRequestHandler.java:33)
	at org.elasticsearch.transport.RequestHandlerRegistry.processMessageReceived(RequestHandlerRegistry.java:77)
	at org.elasticsearch.transport.TransportService$4.doRun(TransportService.java:376)
	at org.elasticsearch.common.util.concurrent.AbstractRunnable.run(AbstractRunnable.java:37)
	at java.util.concurrent.ThreadPoolExecutor.runWorker(ThreadPoolExecutor.java:1142)
	at java.util.concurrent.ThreadPoolExecutor$Worker.run(ThreadPoolExecutor.java:617)
	at java.lang.Thread.run(Thread.java:745)
[2016-12-19 14:42:14,532][WARN ][indices.cluster          ] [Zero-G] [[optobiz][4]] marking and sending shard failed due to [engine failure, reason [lucene commit failed]]
java.nio.file.NoSuchFileException: /home/Benson/Dropbox/Startup_Coding/SixNexus/ElasticSearch/elasticsearch-2.4.0/data/elasticsearch/nodes/0/indices/optobiz/4/index/_5.cfs
	at sun.nio.fs.UnixException.translateToIOException(UnixException.java:86)
	at sun.nio.fs.UnixException.rethrowAsIOException(UnixException.java:102)
	at sun.nio.fs.UnixException.rethrowAsIOException(UnixException.java:107)
	at sun.nio.fs.UnixFileSystemProvider.newFileChannel(UnixFileSystemProvider.java:177)
	at java.nio.channels.FileChannel.open(FileChannel.java:287)
	at java.nio.channels.FileChannel.open(FileChannel.java:335)
	at org.apache.lucene.util.IOUtils.fsync(IOUtils.java:391)
	at org.apache.lucene.store.FSDirectory.fsync(FSDirectory.java:288)
	at org.apache.lucene.store.FSDirectory.sync(FSDirectory.java:232)
	at org.apache.lucene.store.FileSwitchDirectory.sync(FileSwitchDirectory.java:170)
	at org.apache.lucene.store.FilterDirectory.sync(FilterDirectory.java:78)
	at org.apache.lucene.store.FilterDirectory.sync(FilterDirectory.java:78)
	at org.apache.lucene.store.LockValidatingDirectoryWrapper.sync(LockValidatingDirectoryWrapper.java:62)
	at org.apache.lucene.index.IndexWriter.startCommit(IndexWriter.java:4435)
	at org.apache.lucene.index.IndexWriter.prepareCommitInternal(IndexWriter.java:2860)
	at org.apache.lucene.index.IndexWriter.commitInternal(IndexWriter.java:2963)
	at org.apache.lucene.index.IndexWriter.commit(IndexWriter.java:2930)
	at org.elasticsearch.index.engine.InternalEngine.commitIndexWriter(InternalEngine.java:1256)
	at org.elasticsearch.index.engine.InternalEngine.syncFlush(InternalEngine.java:711)
	at org.elasticsearch.index.shard.IndexShard.syncFlush(IndexShard.java:767)
	at org.elasticsearch.indices.flush.SyncedFlushService.performSyncedFlush(SyncedFlushService.java:414)
	at org.elasticsearch.indices.flush.SyncedFlushService.access$1100(SyncedFlushService.java:61)
	at org.elasticsearch.indices.flush.SyncedFlushService$SyncedFlushTransportHandler.messageReceived(SyncedFlushService.java:695)
	at org.elasticsearch.indices.flush.SyncedFlushService$SyncedFlushTransportHandler.messageReceived(SyncedFlushService.java:691)
	at org.elasticsearch.transport.TransportRequestHandler.messageReceived(TransportRequestHandler.java:33)
	at org.elasticsearch.transport.RequestHandlerRegistry.processMessageReceived(RequestHandlerRegistry.java:77)
	at org.elasticsearch.transport.TransportService$4.doRun(TransportService.java:376)
	at org.elasticsearch.common.util.concurrent.AbstractRunnable.run(AbstractRunnable.java:37)
	at java.util.concurrent.ThreadPoolExecutor.runWorker(ThreadPoolExecutor.java:1142)
	at java.util.concurrent.ThreadPoolExecutor$Worker.run(ThreadPoolExecutor.java:617)
	at java.lang.Thread.run(Thread.java:745)
[2016-12-19 14:42:14,533][WARN ][cluster.action.shard     ] [Zero-G] [optobiz][4] received shard failed for target shard [[optobiz][4], node[QR93F7uAQuCpe0GeWJoIWA], [P], v[4], s[STARTED], a[id=9M57m93zT56WewXZXNDrpA]], indexUUID [2b7aaHQKT1KYd2uxcTI_Mg], message [engine failure, reason [lucene commit failed]], failure [NoSuchFileException[/home/Benson/Dropbox/Startup_Coding/SixNexus/ElasticSearch/elasticsearch-2.4.0/data/elasticsearch/nodes/0/indices/optobiz/4/index/_5.cfs]]
java.nio.file.NoSuchFileException: /home/Benson/Dropbox/Startup_Coding/SixNexus/ElasticSearch/elasticsearch-2.4.0/data/elasticsearch/nodes/0/indices/optobiz/4/index/_5.cfs
	at sun.nio.fs.UnixException.translateToIOException(UnixException.java:86)
	at sun.nio.fs.UnixException.rethrowAsIOException(UnixException.java:102)
	at sun.nio.fs.UnixException.rethrowAsIOException(UnixException.java:107)
	at sun.nio.fs.UnixFileSystemProvider.newFileChannel(UnixFileSystemProvider.java:177)
	at java.nio.channels.FileChannel.open(FileChannel.java:287)
	at java.nio.channels.FileChannel.open(FileChannel.java:335)
	at org.apache.lucene.util.IOUtils.fsync(IOUtils.java:391)
	at org.apache.lucene.store.FSDirectory.fsync(FSDirectory.java:288)
	at org.apache.lucene.store.FSDirectory.sync(FSDirectory.java:232)
	at org.apache.lucene.store.FileSwitchDirectory.sync(FileSwitchDirectory.java:170)
	at org.apache.lucene.store.FilterDirectory.sync(FilterDirectory.java:78)
	at org.apache.lucene.store.FilterDirectory.sync(FilterDirectory.java:78)
	at org.apache.lucene.store.LockValidatingDirectoryWrapper.sync(LockValidatingDirectoryWrapper.java:62)
	at org.apache.lucene.index.IndexWriter.startCommit(IndexWriter.java:4435)
	at org.apache.lucene.index.IndexWriter.prepareCommitInternal(IndexWriter.java:2860)
	at org.apache.lucene.index.IndexWriter.commitInternal(IndexWriter.java:2963)
	at org.apache.lucene.index.IndexWriter.commit(IndexWriter.java:2930)
	at org.elasticsearch.index.engine.InternalEngine.commitIndexWriter(InternalEngine.java:1256)
	at org.elasticsearch.index.engine.InternalEngine.syncFlush(InternalEngine.java:711)
	at org.elasticsearch.index.shard.IndexShard.syncFlush(IndexShard.java:767)
	at org.elasticsearch.indices.flush.SyncedFlushService.performSyncedFlush(SyncedFlushService.java:414)
	at org.elasticsearch.indices.flush.SyncedFlushService.access$1100(SyncedFlushService.java:61)
	at org.elasticsearch.indices.flush.SyncedFlushService$SyncedFlushTransportHandler.messageReceived(SyncedFlushService.java:695)
	at org.elasticsearch.indices.flush.SyncedFlushService$SyncedFlushTransportHandler.messageReceived(SyncedFlushService.java:691)
	at org.elasticsearch.transport.TransportRequestHandler.messageReceived(TransportRequestHandler.java:33)
	at org.elasticsearch.transport.RequestHandlerRegistry.processMessageReceived(RequestHandlerRegistry.java:77)
	at org.elasticsearch.transport.TransportService$4.doRun(TransportService.java:376)
	at org.elasticsearch.common.util.concurrent.AbstractRunnable.run(AbstractRunnable.java:37)
	at java.util.concurrent.ThreadPoolExecutor.runWorker(ThreadPoolExecutor.java:1142)
	at java.util.concurrent.ThreadPoolExecutor$Worker.run(ThreadPoolExecutor.java:617)
	at java.lang.Thread.run(Thread.java:745)
[2016-12-19 19:14:10,171][INFO ][node                     ] [Zero-G] stopping ...
[2016-12-19 19:14:10,296][INFO ][node                     ] [Zero-G] stopped
[2016-12-19 19:14:10,296][INFO ][node                     ] [Zero-G] closing ...
[2016-12-19 19:14:10,301][INFO ][node                     ] [Zero-G] closed
